#-----------------------------------------------------------
# Vivado v2019.2 (64-bit)
# SW Build 2708876 on Wed Nov  6 21:40:23 MST 2019
# IP Build 2700528 on Thu Nov  7 00:09:20 MST 2019
# Start of session at: Sat Jun 17 16:02:29 2023
# Process ID: 16380
# Current directory: C:/Users/agull/Desktop/Agu/2023-1/Sistemas Digitales/sistemas-digitales/project_t_5
# Command line: vivado.exe -gui_launcher_event rodinguilauncherevent17244 C:\Users\agull\Desktop\Agu\2023-1\Sistemas Digitales\sistemas-digitales\project_t_5\project_t_5.xpr
# Log file: C:/Users/agull/Desktop/Agu/2023-1/Sistemas Digitales/sistemas-digitales/project_t_5/vivado.log
# Journal file: C:/Users/agull/Desktop/Agu/2023-1/Sistemas Digitales/sistemas-digitales/project_t_5\vivado.jou
#-----------------------------------------------------------start_gui
open_project {C:/Users/agull/Desktop/Agu/2023-1/Sistemas Digitales/sistemas-digitales/project_t_5/project_t_5.xpr}
INFO: [ProjectBase 1-489] The host OS only allows 260 characters in a normal path. The project is stored in a path with more than 80 characters. If you experience issues with IP, Block Designs, or files not being found, please consider moving the project to a location with a shorter path. Alternately consider using the OS subst command to map part of the path to a drive letter.
Current project path is 'C:/Users/agull/Desktop/Agu/2023-1/Sistemas Digitales/sistemas-digitales/project_t_5'
Scanning sources...
FFinished scanning sourcesIINFO: [IP_Flow 19-234] Refreshing IP repositories
INFO: [IP_Flow 19-1704] No user IP repositories specifiedIINFO: [IP_Flow 19-2313] Loaded Vivado IP repository 'C:/Xilinx/Vivado/2019.2/data/ip'.oopen_project: Time (s): cpu = 00:00:08 ; elapsed = 00:00:09 . Memory (MB): peak = 732.578 ; gain = 82.934
update_compile_order -fileset sources_1
exit
INFO: [Common 17-206] Exiting Vivado at Sat Jun 17 16:03:50 2023...
