#-----------------------------------------------------------
# Vivado v2019.2 (64-bit)
# SW Build 2708876 on Wed Nov  6 21:40:23 MST 2019
# IP Build 2700528 on Thu Nov  7 00:09:20 MST 2019
# Start of session at: Tue Jun 13 14:10:55 2023
# Process ID: 7100
# Current directory: C:/Users/agull/Desktop/Agu/2023-1/Sistemas Digitales/project_t_5
# Command line: vivado.exe -gui_launcher_event rodinguilauncherevent22508 C:\Users\agull\Desktop\Agu\2023-1\Sistemas Digitales\project_t_5\project_t_5.xpr
# Log file: C:/Users/agull/Desktop/Agu/2023-1/Sistemas Digitales/project_t_5/vivado.log
# Journal file: C:/Users/agull/Desktop/Agu/2023-1/Sistemas Digitales/project_t_5\vivado.jou
#-----------------------------------------------------------
start_gui
open_project {C:/Users/agull/Desktop/Agu/2023-1/Sistemas Digitales/project_t_5/project_t_5.xpr}
Scanning sources...
Finished scanning sources
INFO: [IP_Flow 19-234] Refreshing IP repositories
INFO: [IP_Flow 19-1704] No user IP repositories specified
INFO: [IP_Flow 19-2313] Loaded Vivado IP repository 'C:/Xilinx/Vivado/2019.2/data/ip'.
open_project: Time (s): cpu = 00:00:08 ; elapsed = 00:00:09 . Memory (MB): peak = 727.652 ; gain = 88.852
update_compile_order -fileset sources_1
exit
INFO: [Common 17-206] Exiting Vivado at Tue Jun 13 18:19:49 2023...
