#-----------------------------------------------------------
# Vivado v2019.2 (64-bit)
# SW Build 2708876 on Wed Nov  6 21:40:23 MST 2019
# IP Build 2700528 on Thu Nov  7 00:09:20 MST 2019
# Start of session at: Sun Jun 18 14:37:05 2023
# Process ID: 1944
# Current directory: C:/Users/agull/Desktop/Agu/2023-1/Sistemas Digitales/sistemas-digitales/project_t_5
# Command line: vivado.exe -gui_launcher_event rodinguilauncherevent22760 C:\Users\agull\Desktop\Agu\2023-1\Sistemas Digitales\sistemas-digitales\project_t_5\project_t_5.xpr
# Log file: C:/Users/agull/Desktop/Agu/2023-1/Sistemas Digitales/sistemas-digitales/project_t_5/vivado.log
# Journal file: C:/Users/agull/Desktop/Agu/2023-1/Sistemas Digitales/sistemas-digitales/project_t_5\vivado.jou
#-----------------------------------------------------------
start_gui
open_project {C:/Users/agull/Desktop/Agu/2023-1/Sistemas Digitales/sistemas-digitales/project_t_5/project_t_5.xpr}
INFO: [ProjectBase 1-489] The host OS only allows 260 characters in a normal path. The project is stored in a path with more than 80 characters. If you experience issues with IP, Block Designs, or files not being found, please consider moving the project to a location with a shorter path. Alternately consider using the OS subst command to map part of the path to a drive letter.
Current project path is 'C:/Users/agull/Desktop/Agu/2023-1/Sistemas Digitales/sistemas-digitales/project_t_5'
Scanning sources...
Finished scanning sources
INFO: [IP_Flow 19-234] Refreshing IP repositories
INFO: [IP_Flow 19-1704] No user IP repositories specified
INFO: [IP_Flow 19-2313] Loaded Vivado IP repository 'C:/Xilinx/Vivado/2019.2/data/ip'.
open_project: Time (s): cpu = 00:00:08 ; elapsed = 00:00:08 . Memory (MB): peak = 753.594 ; gain = 116.789
update_compile_order -fileset sources_1
reset_run impl_1 -prev_step 
launch_runs impl_1 -to_step write_bitstream -jobs 8
[Sun Jun 18 14:46:02 2023] Launched impl_1...
Run output will be captured here: C:/Users/agull/Desktop/Agu/2023-1/Sistemas Digitales/sistemas-digitales/project_t_5/project_t_5.runs/impl_1/runme.log
